# JRE version: Java(TM) SE Runtime Environment (8.0_181-b13) (build 1.8.0_181-b13)
# Java VM: Java HotSpot(TM) 64-Bit Server VM (25.181-b13 mixed mode bsd-amd64 compressed oops)
Heap:
 PSYoungGen      total 152064K, used 71119K [0x0000000795580000, 0x00000007a4c00000, 0x00000007c0000000)
  eden space 149504K, 47% used [0x0000000795580000,0x0000000799af3e88,0x000000079e780000)
  from space 2560K, 0% used [0x00000007a4200000,0x00000007a4200000,0x00000007a4480000)
  to   space 6144K, 0% used [0x00000007a4600000,0x00000007a4600000,0x00000007a4c00000)
 ParOldGen       total 48640K, used 11431K [0x0000000740000000, 0x0000000742f80000, 0x0000000795580000)
  object space 48640K, 23% used [0x0000000740000000,0x0000000740b29fb8,0x0000000742f80000)
 Metaspace       used 22835K, capacity 23282K, committed 23552K, reserved 1069056K
  class space    used 2795K, capacity 2944K, committed 3072K, reserved 1048576K
GC Heap History (10 events):
Event: 21123.160 GC heap before
{Heap before GC invocations=218 (full 2):
 PSYoungGen      total 115712K, used 112908K [0x0000000795580000, 0x00000007a5200000, 0x00000007c0000000)
  eden space 111104K, 100% used [0x0000000795580000,0x000000079c200000,0x000000079c200000)
  from space 4608K, 39% used [0x00000007a4900000,0x00000007a4ac3278,0x00000007a4d80000)
  to   space 4608K, 0% used [0x00000007a4d80000,0x00000007a4d80000,0x00000007a5200000)
 ParOldGen       total 45568K, used 39597K [0x0000000740000000, 0x0000000742c80000, 0x0000000795580000)
  object space 45568K, 86% used [0x0000000740000000,0x00000007426ab440,0x0000000742c80000)
 Metaspace       used 22812K, capacity 23278K, committed 23552K, reserved 1069056K
  class space    used 2795K, capacity 2944K, committed 3072K, reserved 1048576K
Event: 21123.176 GC heap after
Heap after GC invocations=218 (full 2):
 PSYoungGen      total 109568K, used 2334K [0x0000000795580000, 0x00000007a5000000, 0x00000007c0000000)
  eden space 107008K, 0% used [0x0000000795580000,0x0000000795580000,0x000000079be00000)
  from space 2560K, 91% used [0x00000007a4d80000,0x00000007a4fc79b8,0x00000007a5000000)
  to   space 4608K, 0% used [0x00000007a4700000,0x00000007a4700000,0x00000007a4b80000)
 ParOldGen       total 45568K, used 41469K [0x0000000740000000, 0x0000000742c80000, 0x0000000795580000)
  object space 45568K, 91% used [0x0000000740000000,0x000000074287f600,0x0000000742c80000)
 Metaspace       used 22812K, capacity 23278K, committed 23552K, reserved 1069056K
  class space    used 2795K, capacity 2944K, committed 3072K, reserved 1048576K
}
Event: 21514.230 GC heap before
{Heap before GC invocations=219 (full 2):
 PSYoungGen      total 109568K, used 109342K [0x0000000795580000, 0x00000007a5000000, 0x00000007c0000000)
  eden space 107008K, 100% used [0x0000000795580000,0x000000079be00000,0x000000079be00000)
  from space 2560K, 91% used [0x00000007a4d80000,0x00000007a4fc79b8,0x00000007a5000000)
  to   space 4608K, 0% used [0x00000007a4700000,0x00000007a4700000,0x00000007a4b80000)
 ParOldGen       total 45568K, used 41469K [0x0000000740000000, 0x0000000742c80000, 0x0000000795580000)
  object space 45568K, 91% used [0x0000000740000000,0x000000074287f600,0x0000000742c80000)
 Metaspace       used 22835K, capacity 23282K, committed 23552K, reserved 1069056K
  class space    used 2795K, capacity 2944K, committed 3072K, reserved 1048576K
Event: 21514.247 GC heap after
Heap after GC invocations=219 (full 2):
 PSYoungGen      total 108032K, used 4570K [0x0000000795580000, 0x00000007a4e00000, 0x00000007c0000000)
  eden space 103424K, 0% used [0x0000000795580000,0x0000000795580000,0x000000079ba80000)
  from space 4608K, 99% used [0x00000007a4700000,0x00000007a4b76860,0x00000007a4b80000)
  to   space 2560K, 0% used [0x00000007a4b80000,0x00000007a4b80000,0x00000007a4e00000)
 ParOldGen       total 45568K, used 41469K [0x0000000740000000, 0x0000000742c80000, 0x0000000795580000)
  object space 45568K, 91% used [0x0000000740000000,0x000000074287f600,0x0000000742c80000)
 Metaspace       used 22835K, capacity 23282K, committed 23552K, reserved 1069056K
  class space    used 2795K, capacity 2944K, committed 3072K, reserved 1048576K
}
Event: 21514.354 GC heap before
{Heap before GC invocations=220 (full 2):
 PSYoungGen      total 108032K, used 107994K [0x0000000795580000, 0x00000007a4e00000, 0x00000007c0000000)
  eden space 103424K, 100% used [0x0000000795580000,0x000000079ba80000,0x000000079ba80000)
  from space 4608K, 99% used [0x00000007a4700000,0x00000007a4b76860,0x00000007a4b80000)
  to   space 2560K, 0% used [0x00000007a4b80000,0x00000007a4b80000,0x00000007a4e00000)
 ParOldGen       total 45568K, used 41469K [0x0000000740000000, 0x0000000742c80000, 0x0000000795580000)
  object space 45568K, 91% used [0x0000000740000000,0x000000074287f600,0x0000000742c80000)
 Metaspace       used 22835K, capacity 23282K, committed 23552K, reserved 1069056K
  class space    used 2795K, capacity 2944K, committed 3072K, reserved 1048576K
Event: 21514.365 GC heap after
Heap after GC invocations=220 (full 2):
 PSYoungGen      total 126976K, used 2542K [0x0000000795580000, 0x00000007a4e00000, 0x00000007c0000000)
  eden space 124416K, 0% used [0x0000000795580000,0x0000000795580000,0x000000079cf00000)
  from space 2560K, 99% used [0x00000007a4b80000,0x00000007a4dfbae0,0x00000007a4e00000)
  to   space 6144K, 0% used [0x00000007a4200000,0x00000007a4200000,0x00000007a4800000)
 ParOldGen       total 45568K, used 42588K [0x0000000740000000, 0x0000000742c80000, 0x0000000795580000)
  object space 45568K, 93% used [0x0000000740000000,0x0000000742997390,0x0000000742c80000)
 Metaspace       used 22835K, capacity 23282K, committed 23552K, reserved 1069056K
  class space    used 2795K, capacity 2944K, committed 3072K, reserved 1048576K
}
Event: 21514.498 GC heap before
{Heap before GC invocations=221 (full 2):
 PSYoungGen      total 126976K, used 126958K [0x0000000795580000, 0x00000007a4e00000, 0x00000007c0000000)
  eden space 124416K, 100% used [0x0000000795580000,0x000000079cf00000,0x000000079cf00000)
  from space 2560K, 99% used [0x00000007a4b80000,0x00000007a4dfbae0,0x00000007a4e00000)
  to   space 6144K, 0% used [0x00000007a4200000,0x00000007a4200000,0x00000007a4800000)
 ParOldGen       total 45568K, used 42588K [0x0000000740000000, 0x0000000742c80000, 0x0000000795580000)
  object space 45568K, 93% used [0x0000000740000000,0x0000000742997390,0x0000000742c80000)
 Metaspace       used 22835K, capacity 23282K, committed 23552K, reserved 1069056K
  class space    used 2795K, capacity 2944K, committed 3072K, reserved 1048576K
Event: 21514.516 GC heap after
Heap after GC invocations=221 (full 2):
 PSYoungGen      total 152064K, used 2464K [0x0000000795580000, 0x00000007a4c00000, 0x00000007c0000000)
  eden space 149504K, 0% used [0x0000000795580000,0x0000000795580000,0x000000079e780000)
  from space 2560K, 96% used [0x00000007a4200000,0x00000007a4468000,0x00000007a4480000)
  to   space 6144K, 0% used [0x00000007a4600000,0x00000007a4600000,0x00000007a4c00000)
 ParOldGen       total 45568K, used 45022K [0x0000000740000000, 0x0000000742c80000, 0x0000000795580000)
  object space 45568K, 98% used [0x0000000740000000,0x0000000742bf7918,0x0000000742c80000)
 Metaspace       used 22835K, capacity 23282K, committed 23552K, reserved 1069056K
  class space    used 2795K, capacity 2944K, committed 3072K, reserved 1048576K
}
Event: 21514.517 GC heap before
{Heap before GC invocations=222 (full 3):
 PSYoungGen      total 152064K, used 2464K [0x0000000795580000, 0x00000007a4c00000, 0x00000007c0000000)
  eden space 149504K, 0% used [0x0000000795580000,0x0000000795580000,0x000000079e780000)
  from space 2560K, 96% used [0x00000007a4200000,0x00000007a4468000,0x00000007a4480000)
  to   space 6144K, 0% used [0x00000007a4600000,0x00000007a4600000,0x00000007a4c00000)
 ParOldGen       total 45568K, used 45022K [0x0000000740000000, 0x0000000742c80000, 0x0000000795580000)
  object space 45568K, 98% used [0x0000000740000000,0x0000000742bf7918,0x0000000742c80000)
 Metaspace       used 22835K, capacity 23282K, committed 23552K, reserved 1069056K
  class space    used 2795K, capacity 2944K, committed 3072K, reserved 1048576K
Event: 21514.634 GC heap after
Heap after GC invocations=222 (full 3):
 PSYoungGen      total 152064K, used 0K [0x0000000795580000, 0x00000007a4c00000, 0x00000007c0000000)
  eden space 149504K, 0% used [0x0000000795580000,0x0000000795580000,0x000000079e780000)
  from space 2560K, 0% used [0x00000007a4200000,0x00000007a4200000,0x00000007a4480000)
  to   space 6144K, 0% used [0x00000007a4600000,0x00000007a4600000,0x00000007a4c00000)
 ParOldGen       total 48640K, used 11431K [0x0000000740000000, 0x0000000742f80000, 0x0000000795580000)
  object space 48640K, 23% used [0x0000000740000000,0x0000000740b29fb8,0x0000000742f80000)
 Metaspace       used 22835K, capacity 23282K, committed 23552K, reserved 1069056K
  class space    used 2795K, capacity 2944K, committed 3072K, reserved 1048576K
}

